<?xml version="1.0" encoding="UTF-8"?>
<testsuite xmlns:xsi="http://www.w3.org/2001/XMLSchema-instance" xsi:noNamespaceSchemaLocation="https://maven.apache.org/surefire/maven-surefire-plugin/xsd/surefire-test-report.xsd" version="3.0.2" name="com.pkms.integration.LinkedPracticesIntegrationTest" time="9.631" tests="1" errors="0" skipped="0" failures="0">
  <properties>
[...]
</properties>
  <testcase name="completeWorkflowTest" classname="com.pkms.integration.LinkedPracticesIntegrationTest" time="3.428">
    <system-out><![CDATA[18:22:43.809 [main] INFO org.testcontainers.images.PullPolicy -- Image pull policy will be performed by: DefaultPullPolicy()
18:22:43.812 [main] INFO org.testcontainers.utility.ImageNameSubstitutor -- Image name substitution will be performed by: DefaultImageNameSubstitutor (composite of 'ConfigurationFileImageNameSubstitutor' and 'PrefixingImageNameSubstitutor')
18:22:43.834 [main] INFO org.testcontainers.DockerClientFactory -- Testcontainers version: 1.20.4
18:22:44.065 [main] INFO org.testcontainers.dockerclient.DockerClientProviderStrategy -- Found Docker environment with Environment variables, system properties and defaults. Resolved dockerHost=tcp://10.2.177.179:2375
18:22:44.066 [main] INFO org.testcontainers.DockerClientFactory -- Docker host IP address is 10.2.177.179
18:22:44.080 [main] INFO org.testcontainers.DockerClientFactory -- Connected to docker: 
  Server Version: 28.1.1
  API Version: 1.49
  Operating System: Ubuntu 20.04.6 LTS
  Total Memory: 3919 MB
18:22:44.092 [main] INFO tc.testcontainers/ryuk:0.11.0 -- Creating container for image: testcontainers/ryuk:0.11.0
18:22:44.094 [main] INFO org.testcontainers.utility.RegistryAuthLocator -- Failure when attempting to lookup auth config. Please ignore if you don't have images in an authenticated registry. Details: (dockerImageName: testcontainers/ryuk:0.11.0, configFile: /home/kindlyfr/.docker/config.json, configEnv: DOCKER_AUTH_CONFIG). Falling back to docker-java default behaviour. Exception message: Status 404: No config supplied. Checked in order: /home/kindlyfr/.docker/config.json (file not found), DOCKER_AUTH_CONFIG (not set)
18:22:44.156 [main] INFO tc.testcontainers/ryuk:0.11.0 -- Container testcontainers/ryuk:0.11.0 is starting: 6409d562ddb4aeb79b0f5d01e28b06009ba37d12acb771018d92edd9d8847a50
18:22:44.361 [main] INFO tc.testcontainers/ryuk:0.11.0 -- Container testcontainers/ryuk:0.11.0 started in PT0.268768147S
18:22:44.364 [main] INFO org.testcontainers.utility.RyukResourceReaper -- Ryuk started - will monitor and terminate Testcontainers containers on JVM exit
18:22:44.364 [main] INFO org.testcontainers.DockerClientFactory -- Checking the system...
18:22:44.364 [main] INFO org.testcontainers.DockerClientFactory -- ✔︎ Docker server version should be at least 1.6.0
18:22:44.365 [main] INFO tc.postgres:15 -- Creating container for image: postgres:15
18:22:44.391 [main] INFO tc.postgres:15 -- Container postgres:15 is starting: 181a7a0d95a8c01bccb678169a9c9e62cb59d6979c58133e602960f3202e4450
18:22:45.942 [main] INFO tc.postgres:15 -- Container postgres:15 started in PT1.577744339S
18:22:45.943 [main] INFO tc.postgres:15 -- Container is started (JDBC URL: jdbc:postgresql://10.2.177.179:32851/testdb?loggerLevel=OFF)
18:22:45.999 [main] INFO org.springframework.test.context.support.AnnotationConfigContextLoaderUtils -- Could not detect default configuration classes for test class [com.pkms.integration.LinkedPracticesIntegrationTest]: LinkedPracticesIntegrationTest does not declare any static, non-private, non-final, nested classes annotated with @Configuration.
18:22:46.046 [main] INFO org.springframework.boot.test.context.SpringBootTestContextBootstrapper -- Found @SpringBootConfiguration com.pkms.PkmsBackendApplication for test class com.pkms.integration.LinkedPracticesIntegrationTest
18:22:46.125 [main] INFO org.springframework.boot.devtools.restart.RestartApplicationListener -- Restart disabled due to context in which it is running

  .   ____          _            __ _ _
 /\\ / ___'_ __ _ _(_)_ __  __ _ \ \ \ \
( ( )\___ | '_ | '_| | '_ \/ _` | \ \ \ \
 \\/  ___)| |_)| | | | | || (_| |  ) ) ) )
  '  |____| .__|_| |_|_| |_\__, | / / / /
 =========|_|==============|___/=/_/_/_/

 :: Spring Boot ::                (v4.0.3)

2026-03-19T18:22:46.275+05:00 DEBUG 235622 --- [pkms-backend] [           main] o.s.w.c.s.GenericWebApplicationContext   : Refreshing org.springframework.web.context.support.GenericWebApplicationContext@15fb4566
2026-03-19T18:22:47.286+05:00  INFO 235622 --- [pkms-backend] [           main] org.flywaydb.core.FlywayExecutor         : Database: jdbc:postgresql://10.2.177.179:32851/testdb?loggerLevel=OFF (PostgreSQL 15.17)
2026-03-19T18:22:47.307+05:00  INFO 235622 --- [pkms-backend] [           main] o.f.c.i.s.JdbcTableSchemaHistory         : Schema history table "public"."flyway_schema_history" does not exist yet
2026-03-19T18:22:47.308+05:00  INFO 235622 --- [pkms-backend] [           main] o.f.core.internal.command.DbValidate     : Successfully validated 0 migrations (execution time 00:00.005s)
2026-03-19T18:22:47.308+05:00  WARN 235622 --- [pkms-backend] [           main] o.f.core.internal.command.DbValidate     : No migrations found. Are your locations set up correctly?
2026-03-19T18:22:47.319+05:00  INFO 235622 --- [pkms-backend] [           main] o.f.c.i.s.JdbcTableSchemaHistory         : Creating Schema History table "public"."flyway_schema_history" ...
2026-03-19T18:22:47.362+05:00  INFO 235622 --- [pkms-backend] [           main] o.f.core.internal.command.DbMigrate      : Current version of schema "public": << Empty Schema >>
2026-03-19T18:22:47.366+05:00  INFO 235622 --- [pkms-backend] [           main] o.f.core.internal.command.DbMigrate      : Schema "public" is up to date. No migration necessary.
2026-03-19T18:22:49.372+05:00 DEBUG 235622 --- [pkms-backend] [           main] s.w.s.m.m.a.RequestMappingHandlerMapping : 41 mappings in 'requestMappingHandlerMapping'
2026-03-19T18:22:49.398+05:00 DEBUG 235622 --- [pkms-backend] [           main] o.s.w.s.handler.SimpleUrlHandlerMapping  : Patterns [/webjars/**, /**, /swagger-ui/**, /swagger-ui/*swagger-initializer.js, /webjars/*swagger-ui/**, /webjars/*swagger-ui/*swagger-initializer.js, /webjars/*swagger-ui/5.32.0/*swagger-initializer.js] in 'resourceHandlerMapping'
2026-03-19T18:22:49.420+05:00 DEBUG 235622 --- [pkms-backend] [           main] s.w.s.m.m.a.RequestMappingHandlerAdapter : ControllerAdvice beans: 0 @ModelAttribute, 0 @InitBinder, 2 RequestBodyAdvice, 1 ResponseBodyAdvice
2026-03-19T18:22:49.451+05:00 DEBUG 235622 --- [pkms-backend] [           main] .m.m.a.ExceptionHandlerExceptionResolver : ControllerAdvice beans: 1 @ExceptionHandler, 1 ResponseBodyAdvice
✅ Test user created
2026-03-19T18:22:49.736+05:00  WARN 235622 --- [pkms-backend] [           main] o.s.core.events.SpringDocAppInitializer  : SpringDoc /v3/api-docs endpoint is enabled by default. To disable it in production, set the property 'springdoc.api-docs.enabled=false'
2026-03-19T18:22:49.736+05:00  WARN 235622 --- [pkms-backend] [           main] o.s.core.events.SpringDocAppInitializer  : SpringDoc /swagger-ui.html endpoint is enabled by default. To disable it in production, set the property 'springdoc.swagger-ui.enabled=false'

=================================
🔍 ТЕСТ: Полный цикл работы со связанными практиками
=================================

📌 ШАГ 1: Проверяем начальные значения в БД:
  Core.Meditation = 0
  Core.Plank = 0
  Core.Squat = 0
  Yoga.Meditation = 0
✅ Значения корректны

📌 ШАГ 2: Создаем событие: Yoga Standard
  ✅ Событие Yoga Standard создано и переведено в статус 'Выполнено полностью'

📌 Проверяем значения после Yoga:
  Core.Meditation = 0
  Core.Plank = 0
  Core.Squat = 0
  Yoga.Meditation = 31
✅ Значения корректны

📌 ШАГ 3: Создаем событие: Core Standard
  ✅ Событие Core Standard создано и переведено в статус 'Выполнено полностью'

📌 Проверяем значения после Core:
  Core.Meditation = 31
  Core.Plank = 10
  Core.Squat = 2
  Yoga.Meditation = 62
✅ Значения корректны

📌 ШАГ 4: Удаляем событие: Core Standard
  ✅ Событие Core Standard удалено

📌 Проверяем значения после удаления Core:
  Core.Meditation = 0
  Core.Plank = 0
  Core.Squat = 0
  Yoga.Meditation = 31
✅ Значения корректны

=================================
✅ ТЕСТ УСПЕШНО ЗАВЕРШЕН
=================================
]]></system-out>
    <system-err><![CDATA[Mockito is currently self-attaching to enable the inline-mock-maker. This will no longer work in future releases of the JDK. Please add Mockito as an agent to your build as described in Mockito's documentation: https://javadoc.io/doc/org.mockito/mockito-core/latest/org.mockito/org/mockito/Mockito.html#0.3
WARNING: A Java agent has been loaded dynamically (/home/kindlyfr/.m2/repository/net/bytebuddy/byte-buddy-agent/1.17.8/byte-buddy-agent-1.17.8.jar)
WARNING: If a serviceability tool is in use, please run with -XX:+EnableDynamicAgentLoading to hide this warning
WARNING: If a serviceability tool is not in use, please run with -Djdk.instrument.traceUsage for more information
WARNING: Dynamic loading of agents will be disallowed by default in a future release
]]></system-err>
  </testcase>
</testsuite>